[PREINITIALIZATION][CLIENT][INFO] Current loaders after merging: [[preinit]]
[PREINITIALIZATION][CLIENT][INFO] Loading scripts for loader with names [preinit]
[PREINITIALIZATION][CLIENT][INFO] [preinit | SIDE_CLIENT]: Skipping file {[0:crafttweaker]: MineTweakerRecipeMaker.zs} as we are currently loading with a different loader
[PREINITIALIZATION][CLIENT][INFO] Completed script loading in: 2ms
[INITIALIZATION][CLIENT][INFO] CraftTweaker: Building registry
[INITIALIZATION][CLIENT][INFO] CraftTweaker: Successfully built item registry
[INITIALIZATION][CLIENT][INFO] Current loaders after merging: [[preinit], [recipeevent | crafttweaker]]
[INITIALIZATION][CLIENT][INFO] Loading scripts for loader with names [crafttweaker | recipeevent]
[INITIALIZATION][CLIENT][INFO] [crafttweaker | SIDE_CLIENT]: Loading Script: {[0:crafttweaker]: MineTweakerRecipeMaker.zs}
[INITIALIZATION][CLIENT][INFO] Completed script loading in: 331ms
[POSTINITIALIZATION][CLIENT][INFO] Removing recipes for various outputs
[POSTINITIALIZATION][CLIENT][INFO] Removing Shapeless recipes for <minecraft:iron_boots>
[POSTINITIALIZATION][CLIENT][INFO] Removing 0 Shapeless recipes.
[POSTINITIALIZATION][CLIENT][INFO] Removing Shapeless recipes for <minecraft:iron_boots>
[POSTINITIALIZATION][CLIENT][INFO] Removing 0 Shapeless recipes.
[POSTINITIALIZATION][CLIENT][INFO] Removing Shapeless recipes for <minecraft:iron_boots>
[POSTINITIALIZATION][CLIENT][INFO] Removing 0 Shapeless recipes.
[POSTINITIALIZATION][CLIENT][INFO] Removing Shapeless recipes for <minecraft:iron_boots>
[POSTINITIALIZATION][CLIENT][INFO] Removing 0 Shapeless recipes.
[POSTINITIALIZATION][CLIENT][INFO] Removing Shapeless recipes for <minecraft:iron_boots>
[POSTINITIALIZATION][CLIENT][INFO] Removing 0 Shapeless recipes.
[POSTINITIALIZATION][CLIENT][INFO] Removing Shapeless recipes for <minecraft:diamond_helmet>
[POSTINITIALIZATION][CLIENT][INFO] Removing 0 Shapeless recipes.
[POSTINITIALIZATION][CLIENT][INFO] Removing Shapeless recipes for <minecraft:diamond_helmet>
[POSTINITIALIZATION][CLIENT][INFO] Removing 0 Shapeless recipes.
[POSTINITIALIZATION][CLIENT][INFO] Removing Shapeless recipes for <minecraft:diamond_boots>
[POSTINITIALIZATION][CLIENT][INFO] Removing 0 Shapeless recipes.
[POSTINITIALIZATION][CLIENT][INFO] Removing Shapeless recipes for <minecraft:iron_boots>
[POSTINITIALIZATION][CLIENT][INFO] Removing 0 Shapeless recipes.
[POSTINITIALIZATION][CLIENT][INFO] Removing Shapeless recipes for <minecraft:iron_boots>
[POSTINITIALIZATION][CLIENT][INFO] Removing 0 Shapeless recipes.
[POSTINITIALIZATION][CLIENT][INFO] Removing Shapeless recipes for <minecraft:iron_boots>
[POSTINITIALIZATION][CLIENT][INFO] Removing 0 Shapeless recipes.
[POSTINITIALIZATION][CLIENT][INFO] Removing Shapeless recipes for <minecraft:iron_boots>
[POSTINITIALIZATION][CLIENT][INFO] Removing 0 Shapeless recipes.
[POSTINITIALIZATION][CLIENT][INFO] Removing Shapeless recipes for <minecraft:iron_boots>
[POSTINITIALIZATION][CLIENT][INFO] Removing 0 Shapeless recipes.
[POSTINITIALIZATION][CLIENT][INFO] Removing Shapeless recipes for <ancientwarfarenpc:diamond_halberd>
[POSTINITIALIZATION][CLIENT][INFO] Removing 0 Shapeless recipes.
[POSTINITIALIZATION][CLIENT][INFO] Removing Shapeless recipes for <ancientwarfarenpc:diamond_lance>
[POSTINITIALIZATION][CLIENT][INFO] Removing 0 Shapeless recipes.
[POSTINITIALIZATION][CLIENT][INFO] Removing Shapeless recipes for <aquaculture:diamond_fishing_rod>
[POSTINITIALIZATION][CLIENT][INFO] Removing 0 Shapeless recipes.
[POSTINITIALIZATION][CLIENT][INFO] Removing Shapeless recipes for <ancientwarfarenpc:diamond_spear>
[POSTINITIALIZATION][CLIENT][INFO] Removing 0 Shapeless recipes.
[POSTINITIALIZATION][CLIENT][INFO] Removing Shapeless recipes for <minecraft:diamond_shovel>
[POSTINITIALIZATION][CLIENT][INFO] Removing 0 Shapeless recipes.
[POSTINITIALIZATION][CLIENT][INFO] Removing Shapeless recipes for <minecraft:diamond_axe>
[POSTINITIALIZATION][CLIENT][INFO] Removing 0 Shapeless recipes.
[POSTINITIALIZATION][CLIENT][INFO] Removing Shapeless recipes for <minecraft:diamond_axe>
[POSTINITIALIZATION][CLIENT][INFO] Removing 0 Shapeless recipes.
[POSTINITIALIZATION][CLIENT][INFO] Removing Shapeless recipes for <minecraft:diamond_hoe>
[POSTINITIALIZATION][CLIENT][INFO] Removing 0 Shapeless recipes.
[POSTINITIALIZATION][CLIENT][INFO] Removing Shapeless recipes for <minecraft:diamond_hoe>
[POSTINITIALIZATION][CLIENT][INFO] Removing 0 Shapeless recipes.
[POSTINITIALIZATION][CLIENT][INFO] Removing Shapeless recipes for <minecraft:diamond_pickaxe>
[POSTINITIALIZATION][CLIENT][INFO] Removing 0 Shapeless recipes.
[POSTINITIALIZATION][CLIENT][INFO] Removing Shapeless recipes for <minecraft:diamond_helmet>
[POSTINITIALIZATION][CLIENT][INFO] Removing 0 Shapeless recipes.
[POSTINITIALIZATION][CLIENT][INFO] Removing Shapeless recipes for <minecraft:diamond_chestplate>
[POSTINITIALIZATION][CLIENT][INFO] Removing 0 Shapeless recipes.
[POSTINITIALIZATION][CLIENT][INFO] Removing Shapeless recipes for <minecraft:diamond_leggings>
[POSTINITIALIZATION][CLIENT][INFO] Removing 0 Shapeless recipes.
[POSTINITIALIZATION][CLIENT][INFO] Removing Shapeless recipes for <minecraft:diamond_boots>
[POSTINITIALIZATION][CLIENT][INFO] Removing 0 Shapeless recipes.
[POSTINITIALIZATION][CLIENT][INFO] Removing Shapeless recipes for <aquaculture:iron_fishing_rod>
[POSTINITIALIZATION][CLIENT][INFO] Removing 0 Shapeless recipes.
[POSTINITIALIZATION][CLIENT][INFO] Removing Shapeless recipes for <ancientwarfarenpc:iron_lance>
[POSTINITIALIZATION][CLIENT][INFO] Removing 0 Shapeless recipes.
[POSTINITIALIZATION][CLIENT][INFO] Removing Shapeless recipes for <ancientwarfarenpc:iron_halberd>
[POSTINITIALIZATION][CLIENT][INFO] Removing 0 Shapeless recipes.
[POSTINITIALIZATION][CLIENT][INFO] Removing Shapeless recipes for <ancientwarfarenpc:iron_spear>
[POSTINITIALIZATION][CLIENT][INFO] Removing 0 Shapeless recipes.
[POSTINITIALIZATION][CLIENT][INFO] Removing Shapeless recipes for <minecraft:iron_boots>
[POSTINITIALIZATION][CLIENT][INFO] Removing 0 Shapeless recipes.
[POSTINITIALIZATION][CLIENT][INFO] Removing Shaped recipes for <minecraft:diamond_boots>
[POSTINITIALIZATION][CLIENT][INFO] 0 removed
[POSTINITIALIZATION][CLIENT][INFO] Removing Shaped recipes for <ancientwarfarenpc:diamond_lance>
[POSTINITIALIZATION][CLIENT][INFO] 1 removed
[POSTINITIALIZATION][CLIENT][INFO] Removing Shaped recipes for <ancientwarfarenpc:diamond_spear>
[POSTINITIALIZATION][CLIENT][INFO] 1 removed
[POSTINITIALIZATION][CLIENT][INFO] Removing Shaped recipes for <minecraft:diamond_leggings>
[POSTINITIALIZATION][CLIENT][INFO] 1 removed
[POSTINITIALIZATION][CLIENT][INFO] Removing Shaped recipes for <minecraft:diamond_chestplate>
[POSTINITIALIZATION][CLIENT][INFO] 1 removed
[POSTINITIALIZATION][CLIENT][INFO] Removing Shaped recipes for <minecraft:diamond_hoe>
[POSTINITIALIZATION][CLIENT][INFO] 1 removed
[POSTINITIALIZATION][CLIENT][INFO] Removing Shaped recipes for <minecraft:diamond_axe>
[POSTINITIALIZATION][CLIENT][INFO] 1 removed
[POSTINITIALIZATION][CLIENT][INFO] Removing Shaped recipes for <minecraft:diamond_pickaxe>
[POSTINITIALIZATION][CLIENT][INFO] 1 removed
[POSTINITIALIZATION][CLIENT][INFO] Removing Shaped recipes for <minecraft:diamond_shovel>
[POSTINITIALIZATION][CLIENT][INFO] 1 removed
[POSTINITIALIZATION][CLIENT][INFO] Removing Shaped recipes for <minecraft:diamond_shovel>
[POSTINITIALIZATION][CLIENT][INFO] 0 removed
[POSTINITIALIZATION][CLIENT][INFO] Removing Shaped recipes for <minecraft:iron_boots>
[POSTINITIALIZATION][CLIENT][INFO] 0 removed
[POSTINITIALIZATION][CLIENT][INFO] Removing Shaped recipes for <minecraft:iron_boots>
[POSTINITIALIZATION][CLIENT][INFO] 0 removed
[POSTINITIALIZATION][CLIENT][INFO] Removing Shaped recipes for <minecraft:iron_hoe>
[POSTINITIALIZATION][CLIENT][INFO] 1 removed
[POSTINITIALIZATION][CLIENT][INFO] Removing Shaped recipes for <minecraft:iron_axe>
[POSTINITIALIZATION][CLIENT][INFO] 1 removed
[POSTINITIALIZATION][CLIENT][INFO] Removing Shaped recipes for <minecraft:iron_sword>
[POSTINITIALIZATION][CLIENT][INFO] 1 removed
[POSTINITIALIZATION][CLIENT][INFO] Removing Shaped recipes for <minecraft:iron_pickaxe>
[POSTINITIALIZATION][CLIENT][INFO] 1 removed
[POSTINITIALIZATION][CLIENT][INFO] Removing Shaped recipes for <minecraft:iron_axe>
[POSTINITIALIZATION][CLIENT][INFO] 0 removed
[POSTINITIALIZATION][CLIENT][INFO] Removing Shaped recipes for <minecraft:iron_shovel>
[POSTINITIALIZATION][CLIENT][INFO] 1 removed
[POSTINITIALIZATION][CLIENT][INFO] Removing Shaped recipes for <minecraft:iron_boots>
[POSTINITIALIZATION][CLIENT][INFO] 0 removed
[POSTINITIALIZATION][CLIENT][INFO] Removing Shaped recipes for <minecraft:iron_leggings>
[POSTINITIALIZATION][CLIENT][INFO] 1 removed
[POSTINITIALIZATION][CLIENT][INFO] Removing Shaped recipes for <minecraft:iron_chestplate>
[POSTINITIALIZATION][CLIENT][INFO] 1 removed
[POSTINITIALIZATION][CLIENT][INFO] Removing Shaped recipes for <minecraft:iron_helmet>
[POSTINITIALIZATION][CLIENT][INFO] 1 removed
[POSTINITIALIZATION][CLIENT][INFO] Removing Shaped recipes for <minecraft:iron_boots>
[POSTINITIALIZATION][CLIENT][INFO] 0 removed
[POSTINITIALIZATION][CLIENT][INFO] Removing Shaped recipes for <minecraft:iron_leggings>
[POSTINITIALIZATION][CLIENT][INFO] 0 removed
[POSTINITIALIZATION][CLIENT][INFO] Removing Shaped recipes for <minecraft:iron_chestplate>
[POSTINITIALIZATION][CLIENT][INFO] 0 removed
[POSTINITIALIZATION][CLIENT][INFO] Removing Shaped recipes for <minecraft:iron_helmet>
[POSTINITIALIZATION][CLIENT][INFO] 0 removed
[POSTINITIALIZATION][CLIENT][INFO] Removing Shaped recipes for <minecraft:iron_hoe>
[POSTINITIALIZATION][CLIENT][INFO] 0 removed
[POSTINITIALIZATION][CLIENT][INFO] Removing Shaped recipes for <minecraft:iron_axe>
[POSTINITIALIZATION][CLIENT][INFO] 0 removed
[POSTINITIALIZATION][CLIENT][INFO] Removing Shaped recipes for <minecraft:iron_pickaxe>
[POSTINITIALIZATION][CLIENT][INFO] 0 removed
[POSTINITIALIZATION][CLIENT][INFO] Removing Shaped recipes for <minecraft:iron_shovel>
[POSTINITIALIZATION][CLIENT][INFO] 0 removed
[POSTINITIALIZATION][CLIENT][INFO] Removing Shaped recipes for <minecraft:golden_axe>
[POSTINITIALIZATION][CLIENT][INFO] 0 removed
[POSTINITIALIZATION][CLIENT][INFO] Removing Shaped recipes for <minecraft:golden_pickaxe>
[POSTINITIALIZATION][CLIENT][INFO] 1 removed
[POSTINITIALIZATION][CLIENT][INFO] Removing Shaped recipes for <minecraft:golden_shovel>
[POSTINITIALIZATION][CLIENT][INFO] 1 removed
[POSTINITIALIZATION][CLIENT][INFO] Removing Shaped recipes for <minecraft:golden_hoe>
[POSTINITIALIZATION][CLIENT][INFO] 0 removed
[POSTINITIALIZATION][CLIENT][INFO] Removing Shaped recipes for <minecraft:golden_sword>
[POSTINITIALIZATION][CLIENT][INFO] 1 removed
[POSTINITIALIZATION][CLIENT][INFO] Removing Shaped recipes for <minecraft:diamond_sword>
[POSTINITIALIZATION][CLIENT][INFO] 1 removed
[POSTINITIALIZATION][CLIENT][INFO] Removing Shaped recipes for <minecraft:record_cat>
[POSTINITIALIZATION][CLIENT][INFO] 0 removed
[POSTINITIALIZATION][CLIENT][INFO] Removing Shaped recipes for <minecraft:iron_sword>
[POSTINITIALIZATION][CLIENT][INFO] 0 removed
[POSTINITIALIZATION][CLIENT][INFO] Removing Shaped recipes for <minecraft:iron_sword>
[POSTINITIALIZATION][CLIENT][INFO] 0 removed
[POSTINITIALIZATION][CLIENT][INFO] Removing Shaped recipes for <minecraft:iron_sword>
[POSTINITIALIZATION][CLIENT][INFO] 0 removed
[POSTINITIALIZATION][CLIENT][INFO] Adding shaped recipe for Music Disc with name ct_shaped-1747049300
[POSTINITIALIZATION][CLIENT][INFO] Adding shaped recipe for Chest with name ct_shaped-405149609
[POSTINITIALIZATION][CLIENT][INFO] Adding shaped recipe for Music Disc with name ct_shaped1338965515
[AVAILABLE][CLIENT][INFO] Fixed the RecipeBook
